Arguments: 
  /usr/local/Cellar/node/12.6.0/bin/node /usr/local/Cellar/yarn/1.17.3/libexec/bin/yarn.js add @storybook/react --dev

PATH: 
  /Users/jamesohalloran/.ebcli-virtual-env/executables:/Users/jamesohalloran/.ebcli-virtual-env/executables:/Users/jamesohalloran/.rvm/gems/ruby-2.6.3/bin:/Users/jamesohalloran/.rvm/gems/ruby-2.6.3@global/bin:/Users/jamesohalloran/.rvm/rubies/ruby-2.6.3/bin:/usr/local/bin:/usr/bin:/bin:/usr/sbin:/sbin:/Users/jamesohalloran/.rvm/bin

Yarn version: 
  1.17.3

Node version: 
  12.6.0

Platform: 
  darwin x64

Trace: 
  Error: https://registry.yarnpkg.com/cms-scripts: Not found
      at Request.params.callback [as _callback] (/usr/local/Cellar/yarn/1.17.3/libexec/lib/cli.js:66830:18)
      at Request.self.callback (/usr/local/Cellar/yarn/1.17.3/libexec/lib/cli.js:140464:22)
      at Request.emit (events.js:203:13)
      at Request.<anonymous> (/usr/local/Cellar/yarn/1.17.3/libexec/lib/cli.js:141436:10)
      at Request.emit (events.js:203:13)
      at IncomingMessage.<anonymous> (/usr/local/Cellar/yarn/1.17.3/libexec/lib/cli.js:141358:12)
      at Object.onceWrapper (events.js:291:20)
      at IncomingMessage.emit (events.js:208:15)
      at endReadableNT (_stream_readable.js:1154:12)
      at processTicksAndRejections (internal/process/task_queues.js:77:11)

npm manifest: 
  {
    "name": "@forestryio/xeditor-react-fields",
    "version": "0.1.0",
    "main": "build/index.js",
    "types": "build/index.d.ts",
    "license": "MIT",
    "files": [
      "build"
    ],
    "scripts": {
      "build": "cms-scripts build",
      "test": "jest --passWithNoTests"
    },
    "devDependencies": {
      "@types/jest": "^24.0.15",
      "@types/styled-components": "4.1.8",
      "jest": "^24.8.0",
      "ts-jest": "^24.0.2",
      "react": "^16.8.6"
    },
    "dependencies": {
      "cms-scripts": "0.1.0",
      "styled-components": "^4.3.2"
    },
    "peerDependencies": {
      "react": "^16.8.6"
    }
  }

yarn manifest: 
  No manifest

Lockfile: 
  No lockfile
